<?xml version="1.0" encoding="UTF-8"?>
<!-- Generated by org.testng.reporters.JUnitXMLReporter -->
<testsuite hostname="DELL-PC" name="Default test" tests="5" failures="0" timestamp="3 Dec 2016 17:49:07 GMT" time="35.969" errors="0">
  <testcase name="testFooterLinks" time="23.876" classname="com.testcases.LoginTest"/>
  <testcase name="testGlobalImage" time="2.598" classname="com.testcases.LoginTest"/>
  <testcase name="testInValidLogin" time="2.782" classname="com.testcases.LoginTest"/>
  <testcase name="testMainText" time="2.455" classname="com.testcases.LoginTest"/>
  <testcase name="testValidLogin" time="4.176" classname="com.testcases.LoginTest"/>
</testsuite> <!-- Default test -->
